#
# There is insufficient memory for the Java Runtime Environment to continue.
# Native memory allocation (malloc) failed to allocate 1048576 bytes for AllocateHeap
# Possible reasons:
#   The system is out of physical RAM or swap space
#   In 32 bit mode, the process size limit was hit
# Possible solutions:
#   Reduce memory load on the system
#   Increase physical memory or swap space
#   Check if swap backing store is full
#   Use 64 bit Java on a 64 bit OS
#   Decrease Java heap size (-Xmx/-Xms)
#   Decrease number of Java threads
#   Decrease Java thread stack sizes (-Xss)
#   Set larger code cache with -XX:ReservedCodeCacheSize=
# This output file may be truncated or incomplete.
#
#  Out of Memory Error (memory/allocation.inline.hpp:61), pid=20716, tid=0x00000000000068fc
#
# JRE version:  (8.0_191-b12) (build )
# Java VM: Java HotSpot(TM) 64-Bit Server VM (25.191-b12 mixed mode windows-amd64 compressed oops)
# Failed to write core dump. Minidumps are not enabled by default on client versions of Windows
#

---------------  T H R E A D  ---------------

Current thread (0x0000000002f43800):  JavaThread "Unknown thread" [_thread_in_vm, id=26876, stack(0x0000000002dd0000,0x0000000002ed0000)]

Stack: [0x0000000002dd0000,0x0000000002ed0000]
[error occurred during error reporting (printing stack bounds), id 0xc0000005]

Native frames: (J=compiled Java code, j=interpreted, Vv=VM code, C=native code)


---------------  P R O C E S S  ---------------

Java Threads: ( => current thread )

Other Threads:

=>0x0000000002f43800 (exited) JavaThread "Unknown thread" [_thread_in_vm, id=26876, stack(0x0000000002dd0000,0x0000000002ed0000)]

VM state:not at safepoint (normal execution)

VM Mutex/Monitor currently owned by a thread: None

Heap:
 PSYoungGen      total 75776K, used 1300K [0x000000076b580000, 0x0000000770a00000, 0x00000007c0000000)
  eden space 65024K, 2% used [0x000000076b580000,0x000000076b6c51f8,0x000000076f500000)
  from space 10752K, 0% used [0x000000076ff80000,0x000000076ff80000,0x0000000770a00000)
  to   space 10752K, 0% used [0x000000076f500000,0x000000076f500000,0x000000076ff80000)
 ParOldGen       total 173568K, used 0K [0x00000006c2000000, 0x00000006cc980000, 0x000000076b580000)
  object space 173568K, 0% used [0x00000006c2000000,0x00000006c2000000,0x00000006cc980000)
 Metaspace       used 775K, capacity 4480K, committed 4480K, reserved 1056768K
  class space    used 76K, capacity 384K, committed 384K, reserved 1048576K

Card table byte_map: [0x0000000012400000,0x0000000012c00000] byte_map_base: 0x000000000edf0000

Marking Bits: (ParMarkBitMap*) 0x0000000067c93e30
 Begin Bits: [0x0000000013950000, 0x00000000178d0000)
 End Bits:   [0x00000000178d0000, 0x000000001b850000)

Polling page: 0x00000000015c0000

CodeCache: size=245760Kb used=328Kb max_used=328Kb free=245431Kb
 bounds [0x0000000003040000, 0x00000000032b0000, 0x0000000012040000]
 total_blobs=58 nmethods=0 adapters=38
 compilation: enabled

Compilation events (0 events):
No events

GC Heap History (0 events):
No events

Deoptimization events (0 events):
No events

Classes redefined (0 events):
No events

Internal exceptions (0 events):
No events

Events (10 events):
Event: 0.033 loading class java/lang/Short
Event: 0.033 loading class java/lang/Short done
Event: 0.033 loading class java/lang/Integer
Event: 0.033 loading class java/lang/Integer done
Event: 0.033 loading class java/lang/Long
Event: 0.033 loading class java/lang/Long done
Event: 0.034 loading class java/lang/NullPointerException
Event: 0.034 loading class java/lang/NullPointerException done
Event: 0.034 loading class java/lang/ArithmeticException
Event: 0.034 loading class java/lang/ArithmeticException done


Dynamic libraries:
0x00007ff6f9be0000 - 0x00007ff6f9c17000 	C:\Program Files\Java\jdk1.8.0_191\bin\java.exe
0x00007ffd6bd20000 - 0x00007ffd6bf01000 	C:\WINDOWS\SYSTEM32\ntdll.dll
0x00007ffd6bbb0000 - 0x00007ffd6bc61000 	C:\WINDOWS\System32\KERNEL32.DLL
0x00007ffd68140000 - 0x00007ffd683b3000 	C:\WINDOWS\System32\KERNELBASE.dll
0x00007ffd6b850000 - 0x00007ffd6b8f1000 	C:\WINDOWS\System32\ADVAPI32.dll
0x00007ffd6ba40000 - 0x00007ffd6bade000 	C:\WINDOWS\System32\msvcrt.dll
0x00007ffd6b4a0000 - 0x00007ffd6b4fb000 	C:\WINDOWS\System32\sechost.dll
0x00007ffd6b900000 - 0x00007ffd6ba24000 	C:\WINDOWS\System32\RPCRT4.dll
0x00007ffd692a0000 - 0x00007ffd69430000 	C:\WINDOWS\System32\USER32.dll
0x00007ffd69010000 - 0x00007ffd69030000 	C:\WINDOWS\System32\win32u.dll
0x00007ffd6aad0000 - 0x00007ffd6aaf8000 	C:\WINDOWS\System32\GDI32.dll
0x00007ffd68e70000 - 0x00007ffd69001000 	C:\WINDOWS\System32\gdi32full.dll
0x00007ffd683c0000 - 0x00007ffd6845f000 	C:\WINDOWS\System32\msvcp_win.dll
0x00007ffd69030000 - 0x00007ffd69128000 	C:\WINDOWS\System32\ucrtbase.dll
0x00007ffd5ace0000 - 0x00007ffd5af49000 	C:\WINDOWS\WinSxS\amd64_microsoft.windows.common-controls_6595b64144ccf1df_6.0.17134.829_none_fb46a5473061b9d5\COMCTL32.dll
0x00007ffd6b500000 - 0x00007ffd6b822000 	C:\WINDOWS\System32\combase.dll
0x00007ffd69130000 - 0x00007ffd691aa000 	C:\WINDOWS\System32\bcryptPrimitives.dll
0x00007ffd695e0000 - 0x00007ffd6960d000 	C:\WINDOWS\System32\IMM32.DLL
0x0000000067d20000 - 0x0000000067df2000 	C:\Program Files\Java\jdk1.8.0_191\jre\bin\msvcr100.dll
0x0000000067470000 - 0x0000000067d14000 	C:\Program Files\Java\jdk1.8.0_191\jre\bin\server\jvm.dll
0x00007ffd6bce0000 - 0x00007ffd6bce8000 	C:\WINDOWS\System32\PSAPI.DLL
0x00007ffd61210000 - 0x00007ffd6121a000 	C:\WINDOWS\SYSTEM32\VERSION.dll
0x00007ffd567c0000 - 0x00007ffd567c9000 	C:\WINDOWS\SYSTEM32\WSOCK32.dll
0x00007ffd66050000 - 0x00007ffd66073000 	C:\WINDOWS\SYSTEM32\WINMM.dll
0x00007ffd6b0b0000 - 0x00007ffd6b11c000 	C:\WINDOWS\System32\WS2_32.dll
0x00007ffd65fd0000 - 0x00007ffd65ffa000 	C:\WINDOWS\SYSTEM32\winmmbase.dll
0x00007ffd680f0000 - 0x00007ffd68139000 	C:\WINDOWS\System32\cfgmgr32.dll
0x000000006aae0000 - 0x000000006aaef000 	C:\Program Files\Java\jdk1.8.0_191\jre\bin\verify.dll
0x000000006aab0000 - 0x000000006aad9000 	C:\Program Files\Java\jdk1.8.0_191\jre\bin\java.dll
0x000000006aa60000 - 0x000000006aa76000 	C:\Program Files\Java\jdk1.8.0_191\jre\bin\zip.dll

VM Arguments:
jvm_args: -Dclassworlds.conf=D:/D.Proyectos/JAVA/maven3.6.0/bin/m2.conf -Dmaven.home=D:/D.Proyectos/JAVA/maven3.6.0 -Dlibrary.jansi.path=D:/D.Proyectos/JAVA/maven3.6.0/lib/jansi-native -Dmaven.multiModuleProjectDirectory=D:/D.Proyectos/PITPA/MicroserviciosRNA/micro_personas_rna 
java_command: org.codehaus.plexus.classworlds.launcher.Launcher install -DskipTests
java_class_path (initial): D:/D.Proyectos/JAVA/maven3.6.0/boot/plexus-classworlds-2.5.2.jar
Launcher Type: SUN_STANDARD

Environment Variables:
JAVA_HOME=C:/Program Files/Java/jdk1.8.0_191
PATH=C:\Users\Paul Cuichan\bin;C:\Program Files\Git\mingw64\bin;C:\Program Files\Git\usr\local\bin;C:\Program Files\Git\usr\bin;C:\Program Files\Git\usr\bin;C:\Program Files\Git\mingw64\bin;C:\Program Files\Git\usr\bin;C:\Users\Paul Cuichan\bin;C:\Program Files (x86)\Intel\iCLS Client;C:\Program Files (x86)\Common Files\Oracle\Java\javapath;C:\Program Files\Intel\iCLS Client;C:\Windows\system32;C:\Windows;C:\Windows\System32\Wbem;C:\Windows\System32\WindowsPowerShell\v1.0;C:\Program Files (x86)\NVIDIA Corporation\PhysX\Common;C:\Program Files\Intel\WiFi\bin;C:\Program Files\Common Files\Intel\WirelessCommon;C:\Program Files (x86)\Intel\Intel(R) Management Engine Components\DAL;C:\Program Files\Intel\Intel(R) Management Engine Components\DAL;C:\Program Files (x86)\Intel\Intel(R) Management Engine Components\IPT;C:\Program Files\Intel\Intel(R) Management Engine Components\IPT;C:\Program Files\Git\cmd;C:\Program Files\Java\jdk1.8.0_191\bin;D:\D.Proyectos\JAVA\maven3.6.0\bin;C:\Program Files\nodejs;C:\Program Files\NVIDIA Corporation\NVIDIA NvDLISR;C:\Program Files\dotnet;C:\OpenSSL-Win64\bin;C:\WINDOWS\system32;C:\WINDOWS;C:\WINDOWS\System32\Wbem;C:\WINDOWS\System32\WindowsPowerShell\v1.0;C:\WINDOWS\System32\OpenSSH;C:\xampp\php;C:\ProgramData\ComposerSetup\bin;C:\Users\Paul Cuichan\AppData\Local\Programs\Python\Python37-32\Scripts;C:\Users\Paul Cuichan\AppData\Local\Programs\Python\Python37-32;C:\Users\Paul Cuichan\AppData\Local\Microsoft\WindowsApps;C:\Users\Paul Cuichan\AppData\Roaming\npm;C:\Users\Paul Cuichan\AppData\Local\Programs\Microsoft VS Code\bin;C:\Users\Paul Cuichan\AppData\Roaming\Composer\vendor\bin;C:\Program Files\Git\usr\bin\vendor_perl;C:\Program Files\Git\usr\bin\core_perl
USERNAME=Paul Cuichan
SHELL=C:\Program Files\Git\usr\bin\bash.exe
DISPLAY=needs-to-be-defined
OS=Windows_NT
PROCESSOR_IDENTIFIER=Intel64 Family 6 Model 158 Stepping 9, GenuineIntel



---------------  S Y S T E M  ---------------

OS: Windows 10.0 , 64 bit Build 17134 (10.0.17134.753)

CPU:total 8 (initial active 8) (4 cores per cpu, 2 threads per core) family 6 model 158 stepping 9, cmov, cx8, fxsr, mmx, sse, sse2, sse3, ssse3, sse4.1, sse4.2, popcnt, avx, avx2, aes, clmul, erms, 3dnowpref, lzcnt, ht, tsc, tscinvbit, bmi1, bmi2, adx

Memory: 4k page, physical 16640272k(1028636k free), swap 30430732k(5336k free)

vm_info: Java HotSpot(TM) 64-Bit Server VM (25.191-b12) for windows-amd64 JRE (1.8.0_191-b12), built on Oct  6 2018 09:29:03 by "java_re" with MS VC++ 10.0 (VS2010)

time: Thu Jul 04 15:49:39 2019
elapsed time: 0 seconds (0d 0h 0m 0s)

